#
# There is insufficient memory for the Java Runtime Environment to continue.
# Native memory allocation (malloc) failed to allocate 350336 bytes for Chunk::new
# Possible reasons:
#   The system is out of physical RAM or swap space
#   The process is running with CompressedOops enabled, and the Java Heap may be blocking the growth of the native heap
# Possible solutions:
#   Reduce memory load on the system
#   Increase physical memory or swap space
#   Check if swap backing store is full
#   Decrease Java heap size (-Xmx/-Xms)
#   Decrease number of Java threads
#   Decrease Java thread stack sizes (-Xss)
#   Set larger code cache with -XX:ReservedCodeCacheSize=
#   JVM is running with Unscaled Compressed Oops mode in which the Java heap is
#     placed in the first 4GB address space. The Java Heap base address is the
#     maximum limit for the native heap growth. Please use -XX:HeapBaseMinAddress
#     to set the Java Heap base and to place the Java Heap above 4GB virtual address.
# This output file may be truncated or incomplete.
#
#  Out of Memory Error (allocation.cpp:389), pid=13292, tid=0x0000000000003418
#
# JRE version: OpenJDK Runtime Environment (8.0_212-b04) (build 1.8.0_212-release-1586-b04)
# Java VM: OpenJDK 64-Bit Server VM (25.212-b04 mixed mode windows-amd64 compressed oops)
# Failed to write core dump. Minidumps are not enabled by default on client versions of Windows
#

---------------  T H R E A D  ---------------

Current thread (0x00000000172d2800):  JavaThread "C2 CompilerThread1" daemon [_thread_in_native, id=13336, stack(0x0000000018a40000,0x0000000018b40000)]

Stack: [0x0000000018a40000,0x0000000018b40000]
[error occurred during error reporting (printing stack bounds), id 0xc0000005]

Native frames: (J=compiled Java code, j=interpreted, Vv=VM code, C=native code)


Current CompileTask:
C2:   7374 3052 %     4       org.jetbrains.kotlin.load.java.structure.impl.classFiles.BinaryClassSignatureParser::parseParameterizedClassRefSignature @ 26 (295 bytes)


---------------  P R O C E S S  ---------------

Java Threads: ( => current thread )
  0x000000001732e000 JavaThread "Service Thread" daemon [_thread_blocked, id=7936, stack(0x0000000019040000,0x0000000019140000)]
  0x00000000172e1800 JavaThread "C1 CompilerThread2" daemon [_thread_blocked, id=17848, stack(0x0000000018b40000,0x0000000018c40000)]
=>0x00000000172d2800 JavaThread "C2 CompilerThread1" daemon [_thread_in_native, id=13336, stack(0x0000000018a40000,0x0000000018b40000)]
  0x00000000172d0000 JavaThread "C2 CompilerThread0" daemon [_thread_in_vm, id=15028, stack(0x0000000018940000,0x0000000018a40000)]
  0x00000000172dd000 JavaThread "Attach Listener" daemon [_thread_blocked, id=6352, stack(0x0000000018840000,0x0000000018940000)]
  0x00000000172db800 JavaThread "Signal Dispatcher" daemon [_thread_blocked, id=15132, stack(0x0000000018740000,0x0000000018840000)]
  0x000000000279c000 JavaThread "Finalizer" daemon [_thread_blocked, id=18708, stack(0x0000000018540000,0x0000000018640000)]
  0x00000000172b9800 JavaThread "Reference Handler" daemon [_thread_blocked, id=11896, stack(0x0000000018440000,0x0000000018540000)]
  0x000000000259e800 JavaThread "main" [_thread_in_Java, id=13424, stack(0x00000000025a0000,0x00000000026a0000)]

Other Threads:
  0x0000000017297000 VMThread [stack: 0x0000000018340000,0x0000000018440000] [id=7360]
  0x0000000018c7e000 WatcherThread [stack: 0x0000000019140000,0x0000000019240000] [id=1076]

VM state:not at safepoint (normal execution)

VM Mutex/Monitor currently owned by a thread: None

heap address: 0x0000000081c00000, size: 2020 MB, Compressed Oops mode: 32-bit
Narrow klass base: 0x0000000000000000, Narrow klass shift: 3
Compressed class space size: 1073741824 Address: 0x0000000100000000

Heap:
 PSYoungGen      total 86016K, used 33394K [0x00000000d5f00000, 0x00000000de400000, 0x0000000100000000)
  eden space 69632K, 47% used [0x00000000d5f00000,0x00000000d7f9c918,0x00000000da300000)
  from space 16384K, 0% used [0x00000000db280000,0x00000000db280000,0x00000000dc280000)
  to   space 15872K, 0% used [0x00000000da300000,0x00000000da300000,0x00000000db280000)
 ParOldGen       total 116736K, used 24801K [0x0000000081c00000, 0x0000000088e00000, 0x00000000d5f00000)
  object space 116736K, 21% used [0x0000000081c00000,0x0000000083438440,0x0000000088e00000)
 Metaspace       used 38305K, capacity 38886K, committed 39344K, reserved 1083392K
  class space    used 4867K, capacity 5026K, committed 5040K, reserved 1048576K

Card table byte_map: [0x0000000011b60000,0x0000000011f60000] byte_map_base: 0x0000000011752000

Marking Bits: (ParMarkBitMap*) 0x0000000072649f30
 Begin Bits: [0x0000000012610000, 0x00000000145a0000)
 End Bits:   [0x00000000145a0000, 0x0000000016530000)

Polling page: 0x0000000000640000

CodeCache: size=245760Kb used=9865Kb max_used=9878Kb free=235894Kb
 bounds [0x00000000027a0000, 0x0000000003150000, 0x00000000117a0000]
 total_blobs=3533 nmethods=3086 adapters=360
 compilation: enabled

Compilation events (10 events):
Event: 7.357 Thread 0x00000000172d0000 3094       4       org.jetbrains.kotlin.com.intellij.openapi.vfs.VirtualFile::findChild (62 bytes)
Event: 7.358 Thread 0x00000000172e1800 3095       3       org.jetbrains.org.objectweb.asm.ClassReader::<init> (335 bytes)
Event: 7.359 Thread 0x00000000172e1800 nmethod 3095 0x0000000003144450 code [0x0000000003144660, 0x0000000003145198]
Event: 7.359 Thread 0x00000000172e1800 3096       3       org.jetbrains.kotlin.load.kotlin.FileBasedKotlinClass$3$1::visit (52 bytes)
Event: 7.360 Thread 0x00000000172e1800 nmethod 3096 0x0000000003143550 code [0x0000000003143740, 0x0000000003144158]
Event: 7.360 Thread 0x00000000172e1800 3097       3       org.jetbrains.kotlin.load.kotlin.header.ReadKotlinClassHeaderAnnotationVisitor$CollectStringArrayAnnotationVisitor::visit (22 bytes)
Event: 7.360 Thread 0x00000000172e1800 nmethod 3097 0x0000000003142ed0 code [0x0000000003143040, 0x0000000003143468]
Event: 7.363 Thread 0x00000000172e1800 3098       3       org.jetbrains.org.objectweb.asm.ClassReader::getFirstAttributeOffset (136 bytes)
Event: 7.364 Thread 0x00000000172e1800 nmethod 3098 0x0000000003145ed0 code [0x00000000031460c0, 0x0000000003146938]
Event: 7.371 Thread 0x00000000172e1800 3099       3       org.jetbrains.kotlin.name.Name::getIdentifier (47 bytes)

GC Heap History (10 events):
Event: 3.303 GC heap before
{Heap before GC invocations=4 (full 1):
 PSYoungGen      total 38400K, used 5098K [0x00000000d5f00000, 0x00000000daa00000, 0x0000000100000000)
  eden space 33280K, 0% used [0x00000000d5f00000,0x00000000d5f00000,0x00000000d7f80000)
  from space 5120K, 99% used [0x00000000d7f80000,0x00000000d847a990,0x00000000d8480000)
  to   space 5120K, 0% used [0x00000000da500000,0x00000000da500000,0x00000000daa00000)
 ParOldGen       total 87552K, used 11802K [0x0000000081c00000, 0x0000000087180000, 0x00000000d5f00000)
  object space 87552K, 13% used [0x0000000081c00000,0x00000000827868c8,0x0000000087180000)
 Metaspace       used 20836K, capacity 21186K, committed 21296K, reserved 1069056K
  class space    used 2463K, capacity 2593K, committed 2608K, reserved 1048576K
Event: 3.351 GC heap after
Heap after GC invocations=4 (full 1):
 PSYoungGen      total 38400K, used 0K [0x00000000d5f00000, 0x00000000daa00000, 0x0000000100000000)
  eden space 33280K, 0% used [0x00000000d5f00000,0x00000000d5f00000,0x00000000d7f80000)
  from space 5120K, 0% used [0x00000000d7f80000,0x00000000d7f80000,0x00000000d8480000)
  to   space 5120K, 0% used [0x00000000da500000,0x00000000da500000,0x00000000daa00000)
 ParOldGen       total 66048K, used 9017K [0x0000000081c00000, 0x0000000085c80000, 0x00000000d5f00000)
  object space 66048K, 13% used [0x0000000081c00000,0x00000000824ce778,0x0000000085c80000)
 Metaspace       used 20836K, capacity 21186K, committed 21296K, reserved 1069056K
  class space    used 2463K, capacity 2593K, committed 2608K, reserved 1048576K
}
Event: 4.357 GC heap before
{Heap before GC invocations=5 (full 1):
 PSYoungGen      total 38400K, used 33280K [0x00000000d5f00000, 0x00000000daa00000, 0x0000000100000000)
  eden space 33280K, 100% used [0x00000000d5f00000,0x00000000d7f80000,0x00000000d7f80000)
  from space 5120K, 0% used [0x00000000d7f80000,0x00000000d7f80000,0x00000000d8480000)
  to   space 5120K, 0% used [0x00000000da500000,0x00000000da500000,0x00000000daa00000)
 ParOldGen       total 66048K, used 9017K [0x0000000081c00000, 0x0000000085c80000, 0x00000000d5f00000)
  object space 66048K, 13% used [0x0000000081c00000,0x00000000824ce778,0x0000000085c80000)
 Metaspace       used 24098K, capacity 24580K, committed 24880K, reserved 1071104K
  class space    used 2887K, capacity 3056K, committed 3120K, reserved 1048576K
Event: 4.368 GC heap after
Heap after GC invocations=5 (full 1):
 PSYoungGen      total 53248K, used 5113K [0x00000000d5f00000, 0x00000000daa00000, 0x0000000100000000)
  eden space 48128K, 0% used [0x00000000d5f00000,0x00000000d5f00000,0x00000000d8e00000)
  from space 5120K, 99% used [0x00000000da500000,0x00000000da9fe680,0x00000000daa00000)
  to   space 5120K, 0% used [0x00000000da000000,0x00000000da000000,0x00000000da500000)
 ParOldGen       total 66048K, used 11165K [0x0000000081c00000, 0x0000000085c80000, 0x00000000d5f00000)
  object space 66048K, 16% used [0x0000000081c00000,0x00000000826e7468,0x0000000085c80000)
 Metaspace       used 24098K, capacity 24580K, committed 24880K, reserved 1071104K
  class space    used 2887K, capacity 3056K, committed 3120K, reserved 1048576K
}
Event: 5.920 GC heap before
{Heap before GC invocations=6 (full 1):
 PSYoungGen      total 53248K, used 53241K [0x00000000d5f00000, 0x00000000daa00000, 0x0000000100000000)
  eden space 48128K, 100% used [0x00000000d5f00000,0x00000000d8e00000,0x00000000d8e00000)
  from space 5120K, 99% used [0x00000000da500000,0x00000000da9fe680,0x00000000daa00000)
  to   space 5120K, 0% used [0x00000000da000000,0x00000000da000000,0x00000000da500000)
 ParOldGen       total 66048K, used 11165K [0x0000000081c00000, 0x0000000085c80000, 0x00000000d5f00000)
  object space 66048K, 16% used [0x0000000081c00000,0x00000000826e7468,0x0000000085c80000)
 Metaspace       used 32311K, capacity 32752K, committed 33200K, reserved 1079296K
  class space    used 4084K, capacity 4215K, committed 4272K, reserved 1048576K
Event: 5.934 GC heap after
Heap after GC invocations=6 (full 1):
 PSYoungGen      total 71680K, used 5090K [0x00000000d5f00000, 0x00000000dc280000, 0x0000000100000000)
  eden space 66560K, 0% used [0x00000000d5f00000,0x00000000d5f00000,0x00000000da000000)
  from space 5120K, 99% used [0x00000000da000000,0x00000000da4f8918,0x00000000da500000)
  to   space 16384K, 0% used [0x00000000db280000,0x00000000db280000,0x00000000dc280000)
 ParOldGen       total 66048K, used 23200K [0x0000000081c00000, 0x0000000085c80000, 0x00000000d5f00000)
  object space 66048K, 35% used [0x0000000081c00000,0x00000000832a82b0,0x0000000085c80000)
 Metaspace       used 32311K, capacity 32752K, committed 33200K, reserved 1079296K
  class space    used 4084K, capacity 4215K, committed 4272K, reserved 1048576K
}
Event: 6.219 GC heap before
{Heap before GC invocations=7 (full 1):
 PSYoungGen      total 71680K, used 14508K [0x00000000d5f00000, 0x00000000dc280000, 0x0000000100000000)
  eden space 66560K, 14% used [0x00000000d5f00000,0x00000000d6832858,0x00000000da000000)
  from space 5120K, 99% used [0x00000000da000000,0x00000000da4f8918,0x00000000da500000)
  to   space 16384K, 0% used [0x00000000db280000,0x00000000db280000,0x00000000dc280000)
 ParOldGen       total 66048K, used 23200K [0x0000000081c00000, 0x0000000085c80000, 0x00000000d5f00000)
  object space 66048K, 35% used [0x0000000081c00000,0x00000000832a82b0,0x0000000085c80000)
 Metaspace       used 34649K, capacity 35168K, committed 35496K, reserved 1081344K
  class space    used 4420K, capacity 4559K, committed 4656K, reserved 1048576K
Event: 6.232 GC heap after
Heap after GC invocations=7 (full 1):
 PSYoungGen      total 86016K, used 7635K [0x00000000d5f00000, 0x00000000de400000, 0x0000000100000000)
  eden space 69632K, 0% used [0x00000000d5f00000,0x00000000d5f00000,0x00000000da300000)
  from space 16384K, 46% used [0x00000000db280000,0x00000000db9f4d80,0x00000000dc280000)
  to   space 15872K, 0% used [0x00000000da300000,0x00000000da300000,0x00000000db280000)
 ParOldGen       total 66048K, used 23208K [0x0000000081c00000, 0x0000000085c80000, 0x00000000d5f00000)
  object space 66048K, 35% used [0x0000000081c00000,0x00000000832aa2b0,0x0000000085c80000)
 Metaspace       used 34649K, capacity 35168K, committed 35496K, reserved 1081344K
  class space    used 4420K, capacity 4559K, committed 4656K, reserved 1048576K
}
Event: 6.232 GC heap before
{Heap before GC invocations=8 (full 2):
 PSYoungGen      total 86016K, used 7635K [0x00000000d5f00000, 0x00000000de400000, 0x0000000100000000)
  eden space 69632K, 0% used [0x00000000d5f00000,0x00000000d5f00000,0x00000000da300000)
  from space 16384K, 46% used [0x00000000db280000,0x00000000db9f4d80,0x00000000dc280000)
  to   space 15872K, 0% used [0x00000000da300000,0x00000000da300000,0x00000000db280000)
 ParOldGen       total 66048K, used 23208K [0x0000000081c00000, 0x0000000085c80000, 0x00000000d5f00000)
  object space 66048K, 35% used [0x0000000081c00000,0x00000000832aa2b0,0x0000000085c80000)
 Metaspace       used 34649K, capacity 35168K, committed 35496K, reserved 1081344K
  class space    used 4420K, capacity 4559K, committed 4656K, reserved 1048576K
Event: 6.328 GC heap after
Heap after GC invocations=8 (full 2):
 PSYoungGen      total 86016K, used 0K [0x00000000d5f00000, 0x00000000de400000, 0x0000000100000000)
  eden space 69632K, 0% used [0x00000000d5f00000,0x00000000d5f00000,0x00000000da300000)
  from space 16384K, 0% used [0x00000000db280000,0x00000000db280000,0x00000000dc280000)
  to   space 15872K, 0% used [0x00000000da300000,0x00000000da300000,0x00000000db280000)
 ParOldGen       total 116736K, used 24801K [0x0000000081c00000, 0x0000000088e00000, 0x00000000d5f00000)
  object space 116736K, 21% used [0x0000000081c00000,0x0000000083438440,0x0000000088e00000)
 Metaspace       used 34649K, capacity 35168K, committed 35496K, reserved 1081344K
  class space    used 4420K, capacity 4559K, committed 4656K, reserved 1048576K
}

Deoptimization events (10 events):
Event: 6.171 Thread 0x000000000259e800 Uncommon trap: reason=bimorphic action=maybe_recompile pc=0x0000000002e6b4a0 method=java.util.HashMap.putVal(ILjava/lang/Object;Ljava/lang/Object;ZZ)Ljava/lang/Object; @ 203
Event: 6.171 Thread 0x000000000259e800 Uncommon trap: reason=bimorphic action=maybe_recompile pc=0x0000000002e6b4a0 method=java.util.HashMap.putVal(ILjava/lang/Object;Ljava/lang/Object;ZZ)Ljava/lang/Object; @ 203
Event: 6.633 Thread 0x000000000259e800 Uncommon trap: reason=bimorphic action=maybe_recompile pc=0x0000000002d9d13c method=org.jetbrains.kotlin.protobuf.CodedInputStream.tryRefillBuffer(I)Z @ 177
Event: 6.634 Thread 0x000000000259e800 Uncommon trap: reason=bimorphic action=maybe_recompile pc=0x0000000002d9d13c method=org.jetbrains.kotlin.protobuf.CodedInputStream.tryRefillBuffer(I)Z @ 177
Event: 6.637 Thread 0x000000000259e800 Uncommon trap: reason=bimorphic action=maybe_recompile pc=0x0000000002d9d13c method=org.jetbrains.kotlin.protobuf.CodedInputStream.tryRefillBuffer(I)Z @ 177
Event: 6.640 Thread 0x000000000259e800 Uncommon trap: reason=bimorphic action=maybe_recompile pc=0x0000000002d9d13c method=org.jetbrains.kotlin.protobuf.CodedInputStream.tryRefillBuffer(I)Z @ 177
Event: 7.045 Thread 0x000000000259e800 Uncommon trap: reason=bimorphic action=maybe_recompile pc=0x0000000002bc71f0 method=java.util.HashMap.putVal(ILjava/lang/Object;Ljava/lang/Object;ZZ)Ljava/lang/Object; @ 203
Event: 7.046 Thread 0x000000000259e800 Uncommon trap: reason=bimorphic action=maybe_recompile pc=0x0000000002bb6a08 method=java.util.HashMap.putVal(ILjava/lang/Object;Ljava/lang/Object;ZZ)Ljava/lang/Object; @ 203
Event: 7.193 Thread 0x000000000259e800 Uncommon trap: reason=unstable_if action=reinterpret pc=0x0000000002eaa3fc method=java.lang.AbstractStringBuilder.append(Ljava/lang/CharSequence;)Ljava/lang/AbstractStringBuilder; @ 29
Event: 7.274 Thread 0x000000000259e800 Uncommon trap: reason=unstable_if action=reinterpret pc=0x0000000002f77020 method=java.text.StringCharacterIterator.current()C @ 19

Classes redefined (0 events):
No events

Internal exceptions (10 events):
Event: 3.056 Thread 0x000000000259e800 Exception <a 'java/lang/NoSuchMethodError': java.lang.Object.lambda$static$0(I)[Lorg/jetbrains/kotlin/com/intellij/openapi/editor/event/DocumentListener;> (0x00000000d6845a88) thrown at [D:\src\AOSP-openjdk-cygwin\jdk8u\hotspot\src\share\vm\interpreter\li
Event: 3.107 Thread 0x000000000259e800 Exception <a 'java/lang/NoSuchMethodError': java.lang.Object.lambda$static$0(I)[Lorg/jetbrains/kotlin/com/intellij/psi/PsiAnnotation;> (0x00000000d6a63658) thrown at [D:\src\AOSP-openjdk-cygwin\jdk8u\hotspot\src\share\vm\interpreter\linkResolver.cpp, line
Event: 3.279 Thread 0x000000000259e800 Exception <a 'java/lang/NoSuchMethodError': java.lang.Object.lambda$static$0(I)[Lorg/jetbrains/kotlin/com/intellij/psi/PsiElement;> (0x00000000d6fac260) thrown at [D:\src\AOSP-openjdk-cygwin\jdk8u\hotspot\src\share\vm\interpreter\linkResolver.cpp, line 62
Event: 4.942 Thread 0x000000000259e800 Exception <a 'java/lang/ArrayIndexOutOfBoundsException': 126> (0x00000000d6d887c8) thrown at [D:\src\AOSP-openjdk-cygwin\jdk8u\hotspot\src\share\vm\interpreter\interpreterRuntime.cpp, line 368]
Event: 4.943 Thread 0x000000000259e800 Exception <a 'java/lang/ArrayIndexOutOfBoundsException': 86> (0x00000000d6d89c50) thrown at [D:\src\AOSP-openjdk-cygwin\jdk8u\hotspot\src\share\vm\interpreter\interpreterRuntime.cpp, line 368]
Event: 6.045 Thread 0x000000000259e800 Implicit null exception at 0x0000000002ea74f8 to 0x0000000002ea7735
Event: 6.127 Thread 0x000000000259e800 Exception <a 'java/lang/NoSuchMethodError': java.lang.Object.lambda$static$0(I)[Lorg/jetbrains/kotlin/psi/KtExpression;> (0x00000000d64a1fa8) thrown at [D:\src\AOSP-openjdk-cygwin\jdk8u\hotspot\src\share\vm\interpreter\linkResolver.cpp, line 620]
Event: 6.209 Thread 0x000000000259e800 Exception <a 'java/lang/NoSuchMethodError': java.lang.Object.lambda$static$0(I)[Lorg/jetbrains/kotlin/psi/KtDeclaration;> (0x00000000d6760d80) thrown at [D:\src\AOSP-openjdk-cygwin\jdk8u\hotspot\src\share\vm\interpreter\linkResolver.cpp, line 620]
Event: 6.432 Thread 0x000000000259e800 Exception <a 'java/lang/NoSuchMethodError': java.lang.Object.lambda$static$0(I)[Lorg/jetbrains/kotlin/psi/KtTypeElement;> (0x00000000d60215f0) thrown at [D:\src\AOSP-openjdk-cygwin\jdk8u\hotspot\src\share\vm\interpreter\linkResolver.cpp, line 620]
Event: 7.205 Thread 0x000000000259e800 Exception <a 'java/lang/NoSuchMethodError': java.lang.Object.lambda$static$0(I)[Lorg/jetbrains/kotlin/com/intellij/psi/PsiClass;> (0x00000000d77079d8) thrown at [D:\src\AOSP-openjdk-cygwin\jdk8u\hotspot\src\share\vm\interpreter\linkResolver.cpp, line 620]

Events (10 events):
Event: 7.255 loading class org/jetbrains/kotlin/diagnostics/DiagnosticSink$1 done
Event: 7.256 loading class org/jetbrains/kotlin/diagnostics/DiagnosticSink$2
Event: 7.256 loading class org/jetbrains/kotlin/diagnostics/DiagnosticSink$2 done
Event: 7.260 Thread 0x000000000259e800 DEOPT PACKING pc=0x0000000002a27b0d sp=0x000000000269bb20
Event: 7.260 Thread 0x000000000259e800 DEOPT UNPACKING pc=0x00000000027e75d0 sp=0x000000000269b870 mode 0
Event: 7.274 Thread 0x000000000259e800 Uncommon trap: trap_request=0xffffff65 fr.pc=0x0000000002f77020
Event: 7.274 Thread 0x000000000259e800 DEOPT PACKING pc=0x0000000002f77020 sp=0x000000000269c200
Event: 7.274 Thread 0x000000000259e800 DEOPT UNPACKING pc=0x00000000027e557b sp=0x000000000269c1a0 mode 2
Event: 7.294 loading class javaslang/control/Option$None
Event: 7.294 loading class javaslang/control/Option$None done


Dynamic libraries:
0x00007ff63cbc0000 - 0x00007ff63cbf1000 	C:\Program Files\Android\Android Studio\jre\jre\bin\java.exe
0x00007ffd002c0000 - 0x00007ffd004b0000 	C:\WINDOWS\SYSTEM32\ntdll.dll
0x00007ffd000a0000 - 0x00007ffd00152000 	C:\WINDOWS\System32\KERNEL32.DLL
0x00007ffcfd7d0000 - 0x00007ffcfda74000 	C:\WINDOWS\System32\KERNELBASE.dll
0x00007ffcff1c0000 - 0x00007ffcff263000 	C:\WINDOWS\System32\ADVAPI32.dll
0x00007ffcfee10000 - 0x00007ffcfeeae000 	C:\WINDOWS\System32\msvcrt.dll
0x00007ffcfe580000 - 0x00007ffcfe617000 	C:\WINDOWS\System32\sechost.dll
0x00007ffcff4e0000 - 0x00007ffcff600000 	C:\WINDOWS\System32\RPCRT4.dll
0x00007ffcff270000 - 0x00007ffcff404000 	C:\WINDOWS\System32\USER32.dll
0x00007ffcfd250000 - 0x00007ffcfd271000 	C:\WINDOWS\System32\win32u.dll
0x00007ffcff4b0000 - 0x00007ffcff4d6000 	C:\WINDOWS\System32\GDI32.dll
0x00007ffcfd630000 - 0x00007ffcfd7c4000 	C:\WINDOWS\System32\gdi32full.dll
0x00007ffcfe2b0000 - 0x00007ffcfe34e000 	C:\WINDOWS\System32\msvcp_win.dll
0x00007ffcfd4e0000 - 0x00007ffcfd5da000 	C:\WINDOWS\System32\ucrtbase.dll
0x00007ffcf0760000 - 0x00007ffcf09e4000 	C:\WINDOWS\WinSxS\amd64_microsoft.windows.common-controls_6595b64144ccf1df_6.0.18362.836_none_e6c4b943130f18ed\COMCTL32.dll
0x00007ffcffd60000 - 0x00007ffd00096000 	C:\WINDOWS\System32\combase.dll
0x00007ffcfdab0000 - 0x00007ffcfdb30000 	C:\WINDOWS\System32\bcryptPrimitives.dll
0x00007ffcff480000 - 0x00007ffcff4ae000 	C:\WINDOWS\System32\IMM32.DLL
0x0000000071cc0000 - 0x0000000071d92000 	C:\Program Files\Android\Android Studio\jre\jre\bin\msvcr100.dll
0x0000000071e80000 - 0x00000000726c6000 	C:\Program Files\Android\Android Studio\jre\jre\bin\server\jvm.dll
0x00007ffd00160000 - 0x00007ffd00168000 	C:\WINDOWS\System32\PSAPI.DLL
0x00007ffcdf750000 - 0x00007ffcdf759000 	C:\WINDOWS\SYSTEM32\WSOCK32.dll
0x00007ffcf9e40000 - 0x00007ffcf9e64000 	C:\WINDOWS\SYSTEM32\WINMM.dll
0x00007ffcf1260000 - 0x00007ffcf126a000 	C:\WINDOWS\SYSTEM32\VERSION.dll
0x00007ffcff410000 - 0x00007ffcff47f000 	C:\WINDOWS\System32\WS2_32.dll
0x00007ffcf9e10000 - 0x00007ffcf9e3d000 	C:\WINDOWS\SYSTEM32\winmmbase.dll
0x00007ffcfd5e0000 - 0x00007ffcfd62a000 	C:\WINDOWS\System32\cfgmgr32.dll
0x00007ffcf9bd0000 - 0x00007ffcf9bdf000 	C:\Program Files\Android\Android Studio\jre\jre\bin\verify.dll
0x00007ffcf2630000 - 0x00007ffcf2659000 	C:\Program Files\Android\Android Studio\jre\jre\bin\java.dll
0x00007ffcf2750000 - 0x00007ffcf2766000 	C:\Program Files\Android\Android Studio\jre\jre\bin\zip.dll
0x00007ffcfe720000 - 0x00007ffcfee04000 	C:\WINDOWS\System32\SHELL32.dll
0x00007ffcffad0000 - 0x00007ffcffb79000 	C:\WINDOWS\System32\shcore.dll
0x00007ffcfdb30000 - 0x00007ffcfe2ae000 	C:\WINDOWS\System32\windows.storage.dll
0x00007ffcfd220000 - 0x00007ffcfd243000 	C:\WINDOWS\System32\profapi.dll
0x00007ffcfd1b0000 - 0x00007ffcfd1fa000 	C:\WINDOWS\System32\powrprof.dll
0x00007ffcfd180000 - 0x00007ffcfd190000 	C:\WINDOWS\System32\UMPDC.dll
0x00007ffcff600000 - 0x00007ffcff652000 	C:\WINDOWS\System32\shlwapi.dll
0x00007ffcfd190000 - 0x00007ffcfd1a1000 	C:\WINDOWS\System32\kernel.appcore.dll
0x00007ffcfe350000 - 0x00007ffcfe367000 	C:\WINDOWS\System32\cryptsp.dll
0x00007ffcf2670000 - 0x00007ffcf268a000 	C:\Program Files\Android\Android Studio\jre\jre\bin\net.dll
0x00007ffcf0cd0000 - 0x00007ffcf0ea6000 	C:\WINDOWS\SYSTEM32\urlmon.dll
0x00007ffced310000 - 0x00007ffced5b6000 	C:\WINDOWS\SYSTEM32\iertutil.dll
0x00007ffcfcb60000 - 0x00007ffcfcb6c000 	C:\WINDOWS\SYSTEM32\CRYPTBASE.DLL
0x00007ffcfc990000 - 0x00007ffcfc9f7000 	C:\WINDOWS\system32\mswsock.dll
0x00007ffcf2570000 - 0x00007ffcf2583000 	C:\Program Files\Android\Android Studio\jre\jre\bin\nio.dll

VM Arguments:
java_command: org.jetbrains.kotlin.cli.jvm.K2JVMCompiler -Xallow-no-source-files -classpath C:\Users\vishal\Downloads\andfun-kotlin-dessert-pusher-starter-code\Application\app\build\intermediates\compile_and_runtime_not_namespaced_r_class_jar\debug\R.jar;C:\Users\vishal\.gradle\caches\transforms-2\files-2.1\d5e1f5ed1b54e5277430148eaaadc43e\databinding-adapters-3.6.3-api.jar;C:\Users\vishal\.gradle\caches\transforms-2\files-2.1\cf76c3bf2a523f31d24c8d92afb1a7c6\databinding-runtime-3.6.3-api.jar;C:\Users\vishal\.gradle\caches\modules-2\files-2.1\androidx.databinding\databinding-common\3.6.3\555fa9bb14c6214e7ebbce7a0a2016d3c9a365f1\databinding-common-3.6.3.jar;C:\Users\vishal\.gradle\caches\transforms-2\files-2.1\8949f73d07f1af6ad8601b19c25ad2d7\jetified-viewbinding-3.6.3-api.jar;C:\Users\vishal\.gradle\caches\transforms-2\files-2.1\265d8276ab1a1dcf4a408cd4b59631e7\navigation-ui-ktx-2.3.0-beta01-api.jar;C:\Users\vishal\.gradle\caches\transforms-2\files-2.1\0efd868cf9bb8662e4308c41b880a2bb\navigation-ui-2.3.0-beta01-api.jar;C:\Users\vishal\.gradle\caches\transforms-2\files-2.1\0529278fae7902c8554cd5ac8a0bcbda\material-1.2.0-beta01-api.jar;C:\Users\vishal\.gradle\caches\transforms-2\files-2.1\acdbced1a6dfd630edb20714d1fa5be9\appcompat-1.1.0-api.jar;C:\Users\vishal\.gradle\caches\transforms-2\files-2.1\ec1a7e3774e13e8add22c7dd85dec1e9\navigation-fragment-ktx-2.3.0-beta01-api.jar;C:\Users\vishal\.gradle\caches\transforms-2\files-2.1\b8c7326f70073b0237829d3a1c022c74\jetified-fragment-ktx-1.2.4-api.jar;C:\Users\vishal\.gradle\caches\transforms-2\files-2.1\6c72978979601f52d974a343c59cedea\navigation-runtime-ktx-2.3.0-beta01-api.jar;C:\Users\vishal\.gradle\caches\transforms-2\files-2.1\aa1301b411412c68102926fa7bfe3205\jetified-activity-ktx-1.1.0-api.jar;C:\Users\vishal\.gradle\caches\transforms-2\files-2.1\11dae0d35f9dcbaeb459240a0ebdb1de\jetified-core-ktx-1.2.0-api.jar;C:\Users\vishal\.gradle\caches\transforms-2\files-2.1\d2db89e72b17048bfe04c4fdf4014058\legacy-support-v4-1.
java_class_path (initial): C:\Users\vishal\.gradle\caches\modules-2\files-2.1\org.jetbrains.kotlin\kotlin-compiler-embeddable\1.3.72\fb72232c8fa977d5e07d33c43381ddbdc5edab6\kotlin-compiler-embeddable-1.3.72.jar;C:\Users\vishal\.gradle\caches\modules-2\files-2.1\org.jetbrains.kotlin\kotlin-reflect\1.3.72\86613e1a669a701b0c660bfd2af4f82a7ae11fca\kotlin-reflect-1.3.72.jar;C:\Users\vishal\.gradle\caches\modules-2\files-2.1\org.jetbrains.kotlin\kotlin-stdlib\1.3.72\8032138f12c0180bc4e51fe139d4c52b46db6109\kotlin-stdlib-1.3.72.jar;C:\Users\vishal\.gradle\caches\modules-2\files-2.1\org.jetbrains.kotlin\kotlin-script-runtime\1.3.72\657d8d34d91e1964b4439378c09933e840bfe8d5\kotlin-script-runtime-1.3.72.jar;C:\Users\vishal\.gradle\caches\modules-2\files-2.1\org.jetbrains.kotlin\kotlin-daemon-embeddable\1.3.72\53bbaa2816dbf6bdb85f629451b1fcc88f2164d2\kotlin-daemon-embeddable-1.3.72.jar;C:\Users\vishal\.gradle\caches\modules-2\files-2.1\org.jetbrains.intellij.deps\trove4j\1.0.20181211\216c2e14b070f334479d800987affe4054cd563f\trove4j-1.0.20181211.jar;C:\Users\vishal\.gradle\caches\modules-2\files-2.1\org.jetbrains.kotlin\kotlin-stdlib-common\1.3.72\6ca8bee3d88957eaaaef077c41c908c9940492d8\kotlin-stdlib-common-1.3.72.jar;C:\Users\vishal\.gradle\caches\modules-2\files-2.1\org.jetbrains\annotations\13.0\919f0dfe192fb4e063e7dacadee7f8bb9a2672a9\annotations-13.0.jar;C:\Program Files\Android\Android Studio\jre\lib\tools.jar
Launcher Type: SUN_STANDARD

Environment Variables:
PATH=C:\Program Files (x86)\Common Files\Oracle\Java\javapath;C:\ProgramData\Oracle\Java\javapath;C:\Program Files (x86)\iis express\PHP\v5.5;C:\WINDOWS\system32;C:\WINDOWS;C:\WINDOWS\System32\Wbem;C:\WINDOWS\System32\WindowsPowerShell\v1.0\;C:\Program Files (x86)\AMD\ATI.ACE\Core-Static;C:\Program Files (x86)\Windows Live\Shared;C:\Users\vishal\AppData\Local\Microsoft\WindowsApps;C:\Program Files (x86)\FreeArc\bin;C:\WINDOWS\system32;C:\WINDOWS;C:\WINDOWS\System32\Wbem;C:\WINDOWS\System32\WindowsPowerShell\v1.0\;C:\WINDOWS\System32\OpenSSH\;C:\Program Files (x86)\ATI Technologies\ATI.ACE\Core-Static;C:\MinGW\bin;C:\Program Files\dotnet\;C:\sqlite;C:\Program Files\PuTTY\;C:\Program Files\Git\cmd;C:\Program Files\JetBrains\IntelliJ IDEA Community Edition 2019.3.3\bin
USERNAME=Vishal
OS=Windows_NT
PROCESSOR_IDENTIFIER=Intel64 Family 6 Model 58 Stepping 9, GenuineIntel



---------------  S Y S T E M  ---------------

OS: Windows 10.0 , 64 bit Build 18362 (10.0.18362.778)

CPU:total 4 (initial active 4) (2 cores per cpu, 2 threads per core) family 6 model 58 stepping 9, cmov, cx8, fxsr, mmx, sse, sse2, sse3, ssse3, sse4.1, sse4.2, popcnt, avx, aes, clmul, erms, ht, tsc, tscinvbit, tscinv

Memory: 4k page, physical 8267032k(463500k free), swap 14558488k(4212k free)

vm_info: OpenJDK 64-Bit Server VM (25.212-b04) for windows-amd64 JRE (1.8.0_212-release-1586-b04), built by "builder" with MS VC++ 10.0 (VS2010)

time: Thu Jun 04 12:26:55 2020
timezone: India Standard Time
elapsed time: 7 seconds (0d 0h 0m 7s)

